<?xml version="1.0" encoding="UTF-8"?>
<robot generator="Robot 3.2.1 (Python 3.8.5 on win32)" generated="20200810 00:12:28.130" rpa="false">
<suite id="s1" name="Testing" source="F:\robot\Testing.robot">
<test id="s1-t1" name="Open Web">
<kw name="Open Browser" library="Selenium2Library">
<doc>Opens a new browser instance to the optional ``url``.</doc>
<arguments>
<arg>https://ecom-test-dat.worldticket.net/</arg>
<arg>${BROWSER}</arg>
</arguments>
<msg timestamp="20200810 00:12:28.406" level="INFO">Opening browser 'chrome' to base url 'https://ecom-test-dat.worldticket.net/'.</msg>
<status status="PASS" starttime="20200810 00:12:28.406" endtime="20200810 00:12:40.256"></status>
</kw>
<status status="PASS" starttime="20200810 00:12:28.405" endtime="20200810 00:12:40.257" critical="yes"></status>
</test>
<test id="s1-t2" name="Check Title">
<kw name="Click Element" library="Selenium2Library">
<doc>Click the element identified by ``locator``.</doc>
<arguments>
<arg>//*[@id="v-cookielaw"]/div[2]/a[1]</arg>
</arguments>
<msg timestamp="20200810 00:12:40.260" level="INFO">Clicking element '//*[@id="v-cookielaw"]/div[2]/a[1]'.</msg>
<status status="PASS" starttime="20200810 00:12:40.260" endtime="20200810 00:12:43.536"></status>
</kw>
<kw name="Element Text Should Be" library="Selenium2Library">
<doc>Verifies that element ``locator`` contains exact the text ``expected``.</doc>
<arguments>
<arg>//title</arg>
<arg>${TITLE}</arg>
<arg>"Title name not contain "WorldTicket""</arg>
</arguments>
<msg timestamp="20200810 00:12:43.537" level="INFO">Verifying element '//title' contains exact text 'WorldTicket'.</msg>
<kw name="Capture Page Screenshot" library="Selenium2Library">
<doc>Takes a screenshot of the current page and embeds it into a log file.</doc>
<msg timestamp="20200810 00:12:44.234" level="INFO" html="yes">&lt;/td&gt;&lt;/tr&gt;&lt;tr&gt;&lt;td colspan="3"&gt;&lt;a href="selenium-screenshot-101.png"&gt;&lt;img src="selenium-screenshot-101.png" width="800px"&gt;&lt;/a&gt;</msg>
<status status="PASS" starttime="20200810 00:12:43.646" endtime="20200810 00:12:44.234"></status>
</kw>
<msg timestamp="20200810 00:12:44.236" level="FAIL">"Title name not contain "WorldTicket""</msg>
<status status="FAIL" starttime="20200810 00:12:43.536" endtime="20200810 00:12:44.236"></status>
</kw>
<status status="FAIL" starttime="20200810 00:12:40.259" endtime="20200810 00:12:44.237" critical="yes">"Title name not contain "WorldTicket""</status>
</test>
<test id="s1-t3" name="Click Profile">
<kw name="Click Element" library="Selenium2Library">
<doc>Click the element identified by ``locator``.</doc>
<arguments>
<arg>//*[@id="header-account"]</arg>
</arguments>
<msg timestamp="20200810 00:12:44.241" level="INFO">Clicking element '//*[@id="header-account"]'.</msg>
<status status="PASS" starttime="20200810 00:12:44.241" endtime="20200810 00:12:46.344"></status>
</kw>
<status status="PASS" starttime="20200810 00:12:44.240" endtime="20200810 00:12:46.345" critical="yes"></status>
</test>
<test id="s1-t4" name="Insert Email And Password">
<kw name="Wait Until Page Contains Element" library="Selenium2Library">
<doc>Waits until the element ``locator`` appears on the current page.</doc>
<arguments>
<arg>//*[@id="email"]</arg>
</arguments>
<status status="PASS" starttime="20200810 00:12:46.348" endtime="20200810 00:12:46.603"></status>
</kw>
<kw name="Input Text" library="Selenium2Library">
<doc>Types the given ``text`` into the text field identified by ``locator``.</doc>
<arguments>
<arg>//*[@id="email"]</arg>
<arg>${EMAIL}</arg>
</arguments>
<msg timestamp="20200810 00:12:46.604" level="INFO">Typing text 'tester@worldticket.net' into text field '//*[@id="email"]'.</msg>
<status status="PASS" starttime="20200810 00:12:46.603" endtime="20200810 00:12:47.016"></status>
</kw>
<kw name="Input Password" library="Selenium2Library">
<doc>Types the given password into the text field identified by ``locator``.</doc>
<arguments>
<arg>//*[@id="password"]</arg>
<arg>${PASSWORD}</arg>
</arguments>
<msg timestamp="20200810 00:12:47.017" level="INFO">Typing password into text field '//*[@id="password"]'.</msg>
<msg timestamp="20200810 00:12:47.070" level="INFO">Temporally setting log level to: NONE</msg>
<msg timestamp="20200810 00:12:47.141" level="INFO">Log level changed from NONE to INFO.</msg>
<status status="PASS" starttime="20200810 00:12:47.016" endtime="20200810 00:12:47.141"></status>
</kw>
<status status="PASS" starttime="20200810 00:12:46.346" endtime="20200810 00:12:47.142" critical="yes"></status>
</test>
<test id="s1-t5" name="Click Button Login">
<kw name="Click Button" library="Selenium2Library">
<doc>Clicks the button identified by ``locator``.</doc>
<arguments>
<arg>//*[@id="step-registered-customers"]/div[3]/div/button</arg>
</arguments>
<msg timestamp="20200810 00:12:47.144" level="INFO">Clicking button '//*[@id="step-registered-customers"]/div[3]/div/button'.</msg>
<status status="PASS" starttime="20200810 00:12:47.143" endtime="20200810 00:12:47.285"></status>
</kw>
<status status="PASS" starttime="20200810 00:12:47.143" endtime="20200810 00:12:47.287" critical="yes"></status>
</test>
<test id="s1-t6" name="Check Username">
<kw name="Wait Until Page Contains Element" library="Selenium2Library">
<doc>Waits until the element ``locator`` appears on the current page.</doc>
<arguments>
<arg>//*[@id="header-account"]/ul/li[1]/a</arg>
</arguments>
<status status="PASS" starttime="20200810 00:12:47.290" endtime="20200810 00:12:49.973"></status>
</kw>
<kw name="Mouse Over" library="Selenium2Library">
<doc>Simulates hovering the mouse over the element ``locator``.</doc>
<arguments>
<arg>//*[@id="header-account"]/a/i</arg>
</arguments>
<msg timestamp="20200810 00:12:49.974" level="INFO">Simulating Mouse Over on element '//*[@id="header-account"]/a/i'.</msg>
<status status="PASS" starttime="20200810 00:12:49.974" endtime="20200810 00:12:50.255"></status>
</kw>
<kw name="Element Text Should Be" library="Selenium2Library">
<doc>Verifies that element ``locator`` contains exact the text ``expected``.</doc>
<arguments>
<arg>//*[@id="header-account"]/ul/li[1]/a</arg>
<arg>${USERNAME}</arg>
<arg>"Username not contain "Junior Tester""</arg>
</arguments>
<msg timestamp="20200810 00:12:50.256" level="INFO">Verifying element '//*[@id="header-account"]/ul/li[1]/a' contains exact text 'Junior Tester'.</msg>
<status status="PASS" starttime="20200810 00:12:50.255" endtime="20200810 00:12:50.283"></status>
</kw>
<status status="PASS" starttime="20200810 00:12:47.289" endtime="20200810 00:12:50.284" critical="yes"></status>
</test>
<test id="s1-t7" name="Click The Account Information Tab">
<kw name="Click Element" library="Selenium2Library">
<doc>Click the element identified by ``locator``.</doc>
<arguments>
<arg>//*[@id="account_edit"]</arg>
</arguments>
<msg timestamp="20200810 00:12:50.287" level="INFO">Clicking element '//*[@id="account_edit"]'.</msg>
<status status="PASS" starttime="20200810 00:12:50.286" endtime="20200810 00:12:51.042"></status>
</kw>
<status status="PASS" starttime="20200810 00:12:50.286" endtime="20200810 00:12:51.043" critical="yes"></status>
</test>
<test id="s1-t8" name="Check Email Address Field">
<kw name="Wait Until Page Contains Element" library="Selenium2Library">
<doc>Waits until the element ``locator`` appears on the current page.</doc>
<arguments>
<arg>//*[@id="email"]</arg>
</arguments>
<status status="PASS" starttime="20200810 00:12:51.045" endtime="20200810 00:12:52.872"></status>
</kw>
<kw name="Textfield Value Should Be" library="Selenium2Library">
<doc>Verifies text field ``locator`` has exactly text ``expected``.</doc>
<arguments>
<arg>//*[@id="email"]</arg>
<arg>${EMAIL}</arg>
<arg>"email address field is not equal to the login email"</arg>
</arguments>
<msg timestamp="20200810 00:12:52.905" level="INFO">Content of text field '//*[@id="email"]' is 'tester@worldticket.net'.</msg>
<status status="PASS" starttime="20200810 00:12:52.873" endtime="20200810 00:12:52.905"></status>
</kw>
<status status="PASS" starttime="20200810 00:12:51.044" endtime="20200810 00:12:52.905" critical="yes"></status>
</test>
<doc>Suite description</doc>
<status status="FAIL" starttime="20200810 00:12:28.133" endtime="20200810 00:12:52.908"></status>
</suite>
<statistics>
<total>
<stat pass="7" fail="1">Critical Tests</stat>
<stat pass="7" fail="1">All Tests</stat>
</total>
<tag>
</tag>
<suite>
<stat pass="7" fail="1" id="s1" name="Testing">Testing</stat>
</suite>
</statistics>
<errors>
</errors>
</robot>
